<?xml version="1.0" encoding="utf-8"?><testsuites name="pytest tests"><testsuite name="pytest" errors="0" failures="0" skipped="0" tests="12" time="3.287" timestamp="2026-05-09T19:45:59.188704+00:00" hostname="agent-env-0988f4bb-9950-48f7-8395-1af641cf2f3c"><testcase classname="backend.tests.test_atypic" name="test_templates_returns_10" time="0.295" /><testcase classname="backend.tests.test_atypic" name="test_create_event_and_get_by_date" time="0.448" /><testcase classname="backend.tests.test_atypic" name="test_events_by_date_sorted_by_start_time" time="0.256" /><testcase classname="backend.tests.test_atypic" name="test_create_event_blocked_when_capacity_exceeded" time="0.106" /><testcase classname="backend.tests.test_atypic" name="test_check_event_blocked_true" time="0.099" /><testcase classname="backend.tests.test_atypic" name="test_check_event_blocked_false" time="0.098" /><testcase classname="backend.tests.test_atypic" name="test_get_day_energy" time="0.148" /><testcase classname="backend.tests.test_atypic" name="test_get_range_energy_fills_empty_days" time="0.155" /><testcase classname="backend.tests.test_atypic" name="test_get_stats" time="0.152" /><testcase classname="backend.tests.test_atypic" name="test_get_suggestions_default_calm" time="0.120" /><testcase classname="backend.tests.test_atypic" name="test_update_event" time="0.467" /><testcase classname="backend.tests.test_atypic" name="test_delete_event" time="0.763" /></testsuite></testsuites>